<?xml version="1.0" encoding="UTF-8"?>
<testsuite xmlns:xsi="http://www.w3.org/2001/XMLSchema-instance" xsi:noNamespaceSchemaLocation="https://maven.apache.org/surefire/maven-surefire-plugin/xsd/surefire-test-report-3.0.xsd" version="3.0" name="com.classpulse.FeedbackServiceTest" time="5.101" tests="3" errors="0" skipped="0" failures="0">
  <properties>
[...]
</properties>
  <testcase name="shouldCreateFeedbackAndClassifySentiment" classname="com.classpulse.FeedbackServiceTest" time="0.568">
    <system-out><![CDATA[21:00:29.684 [main] INFO org.springframework.test.context.support.AnnotationConfigContextLoaderUtils -- Could not detect default configuration classes for test class [com.classpulse.FeedbackServiceTest]: FeedbackServiceTest does not declare any static, non-private, non-final, nested classes annotated with @Configuration.
21:00:29.848 [main] INFO org.springframework.boot.test.context.SpringBootTestContextBootstrapper -- Found @SpringBootConfiguration com.classpulse.ClassPulseApplication for test class com.classpulse.FeedbackServiceTest

  .   ____          _            __ _ _
 /\\ / ___'_ __ _ _(_)_ __  __ _ \ \ \ \
( ( )\___ | '_ | '_| | '_ \/ _` | \ \ \ \
 \\/  ___)| |_)| | | | | || (_| |  ) ) ) )
  '  |____| .__|_| |_|_| |_\__, | / / / /
 =========|_|==============|___/=/_/_/_/

 :: Spring Boot ::                (v3.3.2)

2026-08-27T21:00:30.421+05:30  INFO 20076 --- [classpulse] [           main] com.classpulse.FeedbackServiceTest       : Starting FeedbackServiceTest using Java 22.0.1 with PID 20076 (started by itsme in C:\Users\itsme\Desktop\pandu\backend)
2026-08-27T21:00:30.423+05:30  INFO 20076 --- [classpulse] [           main] com.classpulse.FeedbackServiceTest       : No active profile set, falling back to 1 default profile: "default"
2026-08-27T21:00:30.986+05:30  INFO 20076 --- [classpulse] [           main] .s.d.r.c.RepositoryConfigurationDelegate : Bootstrapping Spring Data JPA repositories in DEFAULT mode.
2026-08-27T21:00:31.065+05:30  INFO 20076 --- [classpulse] [           main] .s.d.r.c.RepositoryConfigurationDelegate : Finished Spring Data repository scanning in 66 ms. Found 2 JPA repository interfaces.
2026-08-27T21:00:31.114+05:30  INFO 20076 --- [classpulse] [           main] beddedDataSourceBeanFactoryPostProcessor : Replacing 'dataSource' DataSource bean with embedded version
2026-08-27T21:00:31.320+05:30  INFO 20076 --- [classpulse] [           main] o.s.j.d.e.EmbeddedDatabaseFactory        : Starting embedded database: url='jdbc:h2:mem:497a49be-c9e7-4aef-b020-9a0372273f03;DB_CLOSE_DELAY=-1;DB_CLOSE_ON_EXIT=false', username='sa'
2026-08-27T21:00:31.647+05:30  INFO 20076 --- [classpulse] [           main] o.hibernate.jpa.internal.util.LogHelper  : HHH000204: Processing PersistenceUnitInfo [name: default]
2026-08-27T21:00:31.716+05:30  INFO 20076 --- [classpulse] [           main] org.hibernate.Version                    : HHH000412: Hibernate ORM core version 6.5.2.Final
2026-08-27T21:00:31.763+05:30  INFO 20076 --- [classpulse] [           main] o.h.c.internal.RegionFactoryInitiator    : HHH000026: Second-level cache disabled
2026-08-27T21:00:32.143+05:30  INFO 20076 --- [classpulse] [           main] o.s.o.j.p.SpringPersistenceUnitInfo      : No LoadTimeWeaver setup: ignoring JPA class transformer
2026-08-27T21:00:33.090+05:30  INFO 20076 --- [classpulse] [           main] o.h.e.t.j.p.i.JtaPlatformInitiator       : HHH000489: No JTA platform available (set 'hibernate.transaction.jta.platform' to enable JTA platform integration)
Hibernate: 
    create table feedback (
        id bigint generated by default as identity,
        note varchar(1000) not null,
        sentiment enum ('NEGATIVE','NEUTRAL','POSITIVE') not null,
        timestamp timestamp(6) not null,
        student_id bigint not null,
        primary key (id)
    )
Hibernate: 
    create table students (
        id bigint generated by default as identity,
        name varchar(100) not null,
        primary key (id)
    )
Hibernate: 
    alter table if exists feedback 
       add constraint FKigtu5jh4x1solssfm8knepior 
       foreign key (student_id) 
       references students
2026-08-27T21:00:33.152+05:30  INFO 20076 --- [classpulse] [           main] j.LocalContainerEntityManagerFactoryBean : Initialized JPA EntityManagerFactory for persistence unit 'default'
2026-08-27T21:00:33.378+05:30  INFO 20076 --- [classpulse] [           main] o.s.d.j.r.query.QueryEnhancerFactory     : Hibernate is in classpath; If applicable, HQL parser will be used.
2026-08-27T21:00:33.927+05:30  INFO 20076 --- [classpulse] [           main] com.classpulse.FeedbackServiceTest       : Started FeedbackServiceTest in 3.984 seconds (process running for 5.19)
Hibernate: 
    insert 
    into
        students
        (name, id) 
    values
        (?, default)
Hibernate: 
    insert 
    into
        feedback
        (note, sentiment, student_id, timestamp, id) 
    values
        (?, ?, ?, ?, default)
]]></system-out>
    <system-err><![CDATA[WARNING: A Java agent has been loaded dynamically (C:\Users\itsme\.m2\repository\net\bytebuddy\byte-buddy-agent\1.14.18\byte-buddy-agent-1.14.18.jar)
WARNING: If a serviceability tool is in use, please run with -XX:+EnableDynamicAgentLoading to hide this warning
WARNING: If a serviceability tool is not in use, please run with -Djdk.instrument.traceUsage for more information
WARNING: Dynamic loading of agents will be disallowed by default in a future release
]]></system-err>
  </testcase>
  <testcase name="shouldThrowWhenStudentDoesNotExist" classname="com.classpulse.FeedbackServiceTest" time="0.016">
    <system-out><![CDATA[Hibernate: 
    select
        s1_0.id,
        s1_0.name 
    from
        students s1_0 
    where
        s1_0.id=?
]]></system-out>
  </testcase>
  <testcase name="shouldRejectInvalidFeedbackNote" classname="com.classpulse.FeedbackServiceTest" time="0.006">
    <system-out><![CDATA[Hibernate: 
    insert 
    into
        students
        (name, id) 
    values
        (?, default)
]]></system-out>
  </testcase>
</testsuite>